ezySalesOrder/build/outputs/logs/manifest-merger-release-report.txt
-- Merging decision tree log ---
manifest
ADDED from src\main\AndroidManifest.xml:2:1-561:12
	package
		ADDED from src\main\AndroidManifest.xml:3:5-29
		INJECTED from src\main\AndroidManifest.xml
		INJECTED from src\main\AndroidManifest.xml
	android:versionName
		INJECTED from src\main\AndroidManifest.xml
		INJECTED from src\main\AndroidManifest.xml
	xmlns:android
		ADDED from src\main\AndroidManifest.xml:2:11-69
	android:versionCode
		INJECTED from src\main\AndroidManifest.xml
		INJECTED from src\main\AndroidManifest.xml
	android:installLocation
		ADDED from src\main\AndroidManifest.xml:4:5-35
uses-sdk
ADDED from src\main\AndroidManifest.xml:6:5-8:41
MERGED from [com.android.support:multidex:1.0.1] AndroidManifest.xml:18:5-42
MERGED from [com.journeyapps:mPChartLib:3.5.0] AndroidManifest.xml:7:5-9:41
MERGED from [com.journeyapps:slidemenulibrary:3.5.0] AndroidManifest.xml:7:5-9:41
MERGED from [com.google.android.gms:play-services:7.0.0] AndroidManifest.xml:18:5-42
MERGED from [com.google.android.gms:play-services-ads:7.0.0] AndroidManifest.xml:18:5-42
MERGED from [com.google.android.gms:play-services-analytics:7.0.0] AndroidManifest.xml:18:5-42
MERGED from [com.google.android.gms:play-services-appindexing:7.0.0] AndroidManifest.xml:18:5-42
MERGED from [com.google.android.gms:play-services-appstate:7.0.0] AndroidManifest.xml:18:5-42
MERGED from [com.google.android.gms:play-services-cast:7.0.0] AndroidManifest.xml:18:5-42
MERGED from [com.google.android.gms:play-services-fitness:7.0.0] AndroidManifest.xml:18:5-42
MERGED from [com.google.android.gms:play-services-games:7.0.0] AndroidManifest.xml:18:5-42
MERGED from [com.google.android.gms:play-services-drive:7.0.0] AndroidManifest.xml:18:5-42
MERGED from [com.google.android.gms:play-services-gcm:7.0.0] AndroidManifest.xml:18:5-42
MERGED from [com.google.android.gms:play-services-nearby:7.0.0] AndroidManifest.xml:18:5-42
MERGED from [com.google.android.gms:play-services-panorama:7.0.0] AndroidManifest.xml:18:5-42
MERGED from [com.google.android.gms:play-services-plus:7.0.0] AndroidManifest.xml:18:5-42
MERGED from [com.google.android.gms:play-services-safetynet:7.0.0] AndroidManifest.xml:18:5-42
MERGED from [com.google.android.gms:play-services-wallet:7.0.0] AndroidManifest.xml:18:5-42
MERGED from [com.google.android.gms:play-services-identity:7.0.0] AndroidManifest.xml:18:5-42
MERGED from [com.google.android.gms:play-services-wearable:7.0.0] AndroidManifest.xml:18:5-42
MERGED from [com.journeyapps:actionbarsherlock:3.5.0] AndroidManifest.xml:7:5-9:41
MERGED from [com.android.support:recyclerview-v7:23.2.1] AndroidManifest.xml:20:5-43
MERGED from [com.ibuildapp:TwoWayGridView:1.0.0] AndroidManifest.xml:7:5-9:41
MERGED from [com.android.support:cardview-v7:23.4.0] AndroidManifest.xml:20:5-43
MERGED from [com.davemorrissey.labs:subsampling-scale-image-view:3.4.1] AndroidManifest.xml:7:5-9:41
MERGED from [com.journeyapps:zxing-android-embedded:3.5.0] AndroidManifest.xml:19:5-43
MERGED from [com.android.support.constraint:constraint-layout:1.1.3] AndroidManifest.xml:5:5-7:41
MERGED from [com.google.android.gms:play-services-location:7.0.0] AndroidManifest.xml:18:5-42
MERGED from [com.google.android.gms:play-services-maps:7.0.0] AndroidManifest.xml:18:5-42
MERGED from [com.google.android.gms:play-services-base:7.0.0] AndroidManifest.xml:18:5-42
MERGED from [com.android.support:support-v4:25.1.0] AndroidManifest.xml:21:5-23:54
MERGED from [com.android.support:support-fragment:25.1.0] AndroidManifest.xml:21:5-23:60
MERGED from [com.android.support:support-media-compat:25.1.0] AndroidManifest.xml:21:5-23:63
MERGED from [com.android.support:support-core-ui:25.1.0] AndroidManifest.xml:21:5-23:58
MERGED from [com.android.support:support-core-utils:25.1.0] AndroidManifest.xml:21:5-23:61
MERGED from [com.android.support:support-compat:25.1.0] AndroidManifest.xml:21:5-23:58
	tools:overrideLibrary
		ADDED from [com.android.support:support-v4:25.1.0] AndroidManifest.xml:23:9-51
	android:targetSdkVersion
		ADDED from src\main\AndroidManifest.xml:8:9-38
		INJECTED from src\main\AndroidManifest.xml
		INJECTED from src\main\AndroidManifest.xml
	android:minSdkVersion
		ADDED from src\main\AndroidManifest.xml:7:9-35
		INJECTED from src\main\AndroidManifest.xml
		INJECTED from src\main\AndroidManifest.xml
permission#com.winapp.SFA.permission.MAPS_RECEIVE
ADDED from src\main\AndroidManifest.xml:10:5-12:47
	android:protectionLevel
		ADDED from src\main\AndroidManifest.xml:12:9-44
	android:name
		ADDED from src\main\AndroidManifest.xml:11:9-62
permission#android.permission.INTERACT_ACROSS_USERS_FULL
ADDED from src\main\AndroidManifest.xml:13:5-15:47
	android:protectionLevel
		ADDED from src\main\AndroidManifest.xml:15:9-44
	android:name
		ADDED from src\main\AndroidManifest.xml:14:9-69
uses-permission#com.winapp.SFA.permission.MAPS_RECEIVE
ADDED from src\main\AndroidManifest.xml:17:5-78
	android:name
		ADDED from src\main\AndroidManifest.xml:17:22-75
uses-permission#com.google.android.providers.gsf.permission.READ_GSERVICES
ADDED from src\main\AndroidManifest.xml:18:5-98
	android:name
		ADDED from src\main\AndroidManifest.xml:18:22-95
uses-permission#android.permission.INTERNET
ADDED from src\main\AndroidManifest.xml:19:5-67
	android:name
		ADDED from src\main\AndroidManifest.xml:19:22-64
uses-permission#android.permission.ACCESS_NETWORK_STATE
ADDED from src\main\AndroidManifest.xml:20:5-79
	android:name
		ADDED from src\main\AndroidManifest.xml:20:22-76
uses-permission#android.permission.READ_PHONE_STATE
ADDED from src\main\AndroidManifest.xml:21:5-75
	android:name
		ADDED from src\main\AndroidManifest.xml:21:22-72
uses-permission#android.permission.ACCESS_WIFI_STATE
ADDED from src\main\AndroidManifest.xml:22:5-76
	android:name
		ADDED from src\main\AndroidManifest.xml:22:22-73
uses-permission#android.permission.ACCESS_FINE_LOCATION
ADDED from src\main\AndroidManifest.xml:23:5-79
	android:name
		ADDED from src\main\AndroidManifest.xml:23:22-76
uses-permission#android.permission.WRITE_EXTERNAL_STORAGE
ADDED from src\main\AndroidManifest.xml:24:5-81
	android:name
		ADDED from src\main\AndroidManifest.xml:24:22-78
uses-permission#android.permission.BLUETOOTH
ADDED from src\main\AndroidManifest.xml:25:5-68
	android:name
		ADDED from src\main\AndroidManifest.xml:25:22-65
uses-permission#android.permission.BLUETOOTH_ADMIN
ADDED from src\main\AndroidManifest.xml:26:5-74
	android:name
		ADDED from src\main\AndroidManifest.xml:26:22-71
uses-permission#android.permission.ACCESS_COARSE_LOCATION
ADDED from src\main\AndroidManifest.xml:27:5-81
	android:name
		ADDED from src\main\AndroidManifest.xml:27:22-78
uses-permission#android.permission.SET_DEBUG_APP
ADDED from src\main\AndroidManifest.xml:28:5-72
	android:name
		ADDED from src\main\AndroidManifest.xml:28:22-69
uses-feature#android.hardware.bluetooth
ADDED from src\main\AndroidManifest.xml:31:5-33:35
	android:required
		ADDED from src\main\AndroidManifest.xml:33:9-32
	android:name
		ADDED from src\main\AndroidManifest.xml:32:9-50
uses-permission#android.permission.READ_EXTERNAL_STORAGE
ADDED from src\main\AndroidManifest.xml:35:5-80
	android:name
		ADDED from src\main\AndroidManifest.xml:35:22-77
application
ADDED from src\main\AndroidManifest.xml:37:5-559:19
MERGED from [com.google.android.gms:play-services:7.0.0] AndroidManifest.xml:19:5-20
MERGED from [com.google.android.gms:play-services-ads:7.0.0] AndroidManifest.xml:19:5-20
MERGED from [com.google.android.gms:play-services-analytics:7.0.0] AndroidManifest.xml:19:5-20
MERGED from [com.google.android.gms:play-services-appindexing:7.0.0] AndroidManifest.xml:19:5-20
MERGED from [com.google.android.gms:play-services-appstate:7.0.0] AndroidManifest.xml:19:5-20
MERGED from [com.google.android.gms:play-services-cast:7.0.0] AndroidManifest.xml:19:5-20
MERGED from [com.google.android.gms:play-services-fitness:7.0.0] AndroidManifest.xml:19:5-20
MERGED from [com.google.android.gms:play-services-games:7.0.0] AndroidManifest.xml:19:5-20
MERGED from [com.google.android.gms:play-services-drive:7.0.0] AndroidManifest.xml:19:5-20
MERGED from [com.google.android.gms:play-services-gcm:7.0.0] AndroidManifest.xml:19:5-20
MERGED from [com.google.android.gms:play-services-nearby:7.0.0] AndroidManifest.xml:19:5-20
MERGED from [com.google.android.gms:play-services-panorama:7.0.0] AndroidManifest.xml:19:5-20
MERGED from [com.google.android.gms:play-services-plus:7.0.0] AndroidManifest.xml:19:5-20
MERGED from [com.google.android.gms:play-services-safetynet:7.0.0] AndroidManifest.xml:19:5-20
MERGED from [com.google.android.gms:play-services-wallet:7.0.0] AndroidManifest.xml:19:5-20
MERGED from [com.google.android.gms:play-services-identity:7.0.0] AndroidManifest.xml:19:5-20
MERGED from [com.google.android.gms:play-services-wearable:7.0.0] AndroidManifest.xml:19:5-20
MERGED from [com.journeyapps:actionbarsherlock:3.5.0] AndroidManifest.xml:11:5-20
MERGED from [com.ibuildapp:TwoWayGridView:1.0.0] AndroidManifest.xml:11:5-20
MERGED from [com.android.support:cardview-v7:23.4.0] AndroidManifest.xml:22:5-20
MERGED from [com.journeyapps:zxing-android-embedded:3.5.0] AndroidManifest.xml:45:5-53:19
MERGED from [com.android.support.constraint:constraint-layout:1.1.3] AndroidManifest.xml:9:5-20
MERGED from [com.google.android.gms:play-services-location:7.0.0] AndroidManifest.xml:19:5-20
MERGED from [com.google.android.gms:play-services-maps:7.0.0] AndroidManifest.xml:19:5-20
MERGED from [com.google.android.gms:play-services-base:7.0.0] AndroidManifest.xml:20:5-24:19
MERGED from [com.android.support:support-v4:25.1.0] AndroidManifest.xml:25:5-20
MERGED from [com.android.support:support-fragment:25.1.0] AndroidManifest.xml:25:5-20
MERGED from [com.android.support:support-media-compat:25.1.0] AndroidManifest.xml:25:5-20
MERGED from [com.android.support:support-core-ui:25.1.0] AndroidManifest.xml:25:5-20
MERGED from [com.android.support:support-core-utils:25.1.0] AndroidManifest.xml:25:5-20
MERGED from [com.android.support:support-compat:25.1.0] AndroidManifest.xml:25:5-20
	android:label
		ADDED from src\main\AndroidManifest.xml:42:9-41
	android:hardwareAccelerated
		ADDED from src\main\AndroidManifest.xml:40:9-44
	android:allowBackup
		ADDED from src\main\AndroidManifest.xml:39:9-35
	android:icon
		ADDED from src\main\AndroidManifest.xml:41:9-43
	android:largeHeap
		ADDED from src\main\AndroidManifest.xml:43:9-33
	android:theme
		ADDED from src\main\AndroidManifest.xml:44:9-40
	android:name
		ADDED from src\main\AndroidManifest.xml:38:9-68
activity#com.winapp.fwms.SplashScreen
ADDED from src\main\AndroidManifest.xml:49:9-60:20
	android:label
		ADDED from src\main\AndroidManifest.xml:52:13-45
	android:noHistory
		ADDED from src\main\AndroidManifest.xml:53:13-37
	android:configChanges
		ADDED from src\main\AndroidManifest.xml:51:13-59
	android:theme
		ADDED from src\main\AndroidManifest.xml:54:13-49
	android:name
		ADDED from src\main\AndroidManifest.xml:50:13-56
intent-filter#android.intent.action.MAIN+android.intent.category.LAUNCHER
ADDED from src\main\AndroidManifest.xml:55:13-59:29
action#android.intent.action.MAIN
ADDED from src\main\AndroidManifest.xml:56:17-69
	android:name
		ADDED from src\main\AndroidManifest.xml:56:25-66
category#android.intent.category.LAUNCHER
ADDED from src\main\AndroidManifest.xml:58:17-77
	android:name
		ADDED from src\main\AndroidManifest.xml:58:27-74
activity#com.winapp.fwms.LoginActivity
ADDED from src\main\AndroidManifest.xml:61:9-65:80
	android:noHistory
		ADDED from src\main\AndroidManifest.xml:64:13-37
	android:windowSoftInputMode
		ADDED from src\main\AndroidManifest.xml:65:13-77
	android:configChanges
		ADDED from src\main\AndroidManifest.xml:63:13-59
	android:name
		ADDED from src\main\AndroidManifest.xml:62:13-57
activity#com.winapp.fwms.LandingActivity
ADDED from src\main\AndroidManifest.xml:66:9-70:80
	android:noHistory
		ADDED from src\main\AndroidManifest.xml:69:13-37
	android:windowSoftInputMode
		ADDED from src\main\AndroidManifest.xml:70:13-77
	android:configChanges
		ADDED from src\main\AndroidManifest.xml:68:13-59
	android:name
		ADDED from src\main\AndroidManifest.xml:67:13-59
activity#com.winapp.fwms.StockInActivity
ADDED from src\main\AndroidManifest.xml:71:9-74:63
	android:screenOrientation
		ADDED from src\main\AndroidManifest.xml:73:13-49
	android:windowSoftInputMode
		ADDED from src\main\AndroidManifest.xml:74:13-60
	android:name
		ADDED from src\main\AndroidManifest.xml:72:13-59
activity#com.winapp.fwms.AddSupplier
ADDED from src\main\AndroidManifest.xml:75:9-77:52
	android:screenOrientation
		ADDED from src\main\AndroidManifest.xml:77:13-49
	android:name
		ADDED from src\main\AndroidManifest.xml:76:13-55
activity#com.winapp.fwms.AddProduct
ADDED from src\main\AndroidManifest.xml:78:9-81:76
	android:screenOrientation
		ADDED from src\main\AndroidManifest.xml:80:13-49
	android:windowSoftInputMode
		ADDED from src\main\AndroidManifest.xml:81:13-73
	android:name
		ADDED from src\main\AndroidManifest.xml:79:13-54
activity#com.winapp.fwms.NewProduct
ADDED from src\main\AndroidManifest.xml:82:9-84:52
	android:screenOrientation
		ADDED from src\main\AndroidManifest.xml:84:13-49
	android:name
		ADDED from src\main\AndroidManifest.xml:83:13-54
activity#com.winapp.fwms.NewProductList
ADDED from src\main\AndroidManifest.xml:85:9-87:52
	android:screenOrientation
		ADDED from src\main\AndroidManifest.xml:87:13-49
	android:name
		ADDED from src\main\AndroidManifest.xml:86:13-58
activity#com.winapp.fwms.Summary
ADDED from src\main\AndroidManifest.xml:88:9-90:52
	android:screenOrientation
		ADDED from src\main\AndroidManifest.xml:90:13-49
	android:name
		ADDED from src\main\AndroidManifest.xml:89:13-51
activity#com.winapp.fwms.AndroidTabLayoutActivity
ADDED from src\main\AndroidManifest.xml:91:9-93:52
	android:screenOrientation
		ADDED from src\main\AndroidManifest.xml:93:13-49
	android:name
		ADDED from src\main\AndroidManifest.xml:92:13-68
activity#com.winapp.fwms.FWMSValidateURL
ADDED from src\main\AndroidManifest.xml:94:9-98:52
	android:screenOrientation
		ADDED from src\main\AndroidManifest.xml:98:13-49
	android:label
		ADDED from src\main\AndroidManifest.xml:96:13-64
	android:noHistory
		ADDED from src\main\AndroidManifest.xml:97:13-37
	android:name
		ADDED from src\main\AndroidManifest.xml:95:13-59
activity#com.winapp.fwms.Settings
ADDED from src\main\AndroidManifest.xml:99:9-103:76
	android:screenOrientation
		ADDED from src\main\AndroidManifest.xml:102:13-49
	android:label
		ADDED from src\main\AndroidManifest.xml:101:13-60
	android:windowSoftInputMode
		ADDED from src\main\AndroidManifest.xml:103:13-73
	android:name
		ADDED from src\main\AndroidManifest.xml:100:13-52
activity#com.winapp.sot.SalesAddProduct
ADDED from src\main\AndroidManifest.xml:104:9-107:76
	android:screenOrientation
		ADDED from src\main\AndroidManifest.xml:106:13-49
	android:windowSoftInputMode
		ADDED from src\main\AndroidManifest.xml:107:13-73
	android:name
		ADDED from src\main\AndroidManifest.xml:105:13-58
activity#com.winapp.sot.SalesSummary
ADDED from src\main\AndroidManifest.xml:108:9-112:76
	android:screenOrientation
		ADDED from src\main\AndroidManifest.xml:111:13-49
	android:windowSoftInputMode
		ADDED from src\main\AndroidManifest.xml:112:13-73
	android:configChanges
		ADDED from src\main\AndroidManifest.xml:110:13-59
	android:name
		ADDED from src\main\AndroidManifest.xml:109:13-55
activity#com.winapp.sot.SalesOrderCustomer
ADDED from src\main\AndroidManifest.xml:113:9-116:63
	android:screenOrientation
		ADDED from src\main\AndroidManifest.xml:115:13-49
	android:windowSoftInputMode
		ADDED from src\main\AndroidManifest.xml:116:13-60
	android:name
		ADDED from src\main\AndroidManifest.xml:114:13-61
activity#com.winapp.sot.DeliveryCustomer
ADDED from src\main\AndroidManifest.xml:117:9-120:63
	android:screenOrientation
		ADDED from src\main\AndroidManifest.xml:119:13-49
	android:windowSoftInputMode
		ADDED from src\main\AndroidManifest.xml:120:13-60
	android:name
		ADDED from src\main\AndroidManifest.xml:118:13-59
activity#com.winapp.sot.DeliveryAddProduct
ADDED from src\main\AndroidManifest.xml:121:9-124:76
	android:screenOrientation
		ADDED from src\main\AndroidManifest.xml:123:13-49
	android:windowSoftInputMode
		ADDED from src\main\AndroidManifest.xml:124:13-73
	android:name
		ADDED from src\main\AndroidManifest.xml:122:13-61
activity#com.winapp.sot.DeliverySummary
ADDED from src\main\AndroidManifest.xml:125:9-129:63
	android:screenOrientation
		ADDED from src\main\AndroidManifest.xml:128:13-49
	android:windowSoftInputMode
		ADDED from src\main\AndroidManifest.xml:129:13-60
	android:configChanges
		ADDED from src\main\AndroidManifest.xml:127:13-59
	android:name
		ADDED from src\main\AndroidManifest.xml:126:13-58
activity#com.winapp.sot.InvoiceCustomer
ADDED from src\main\AndroidManifest.xml:130:9-133:63
	android:windowSoftInputMode
		ADDED from src\main\AndroidManifest.xml:133:13-60
	android:configChanges
		ADDED from src\main\AndroidManifest.xml:132:13-59
	android:name
		ADDED from src\main\AndroidManifest.xml:131:13-58
activity#com.winapp.sot.InvoiceAddProduct
ADDED from src\main\AndroidManifest.xml:134:9-137:76
	android:windowSoftInputMode
		ADDED from src\main\AndroidManifest.xml:137:13-73
	android:configChanges
		ADDED from src\main\AndroidManifest.xml:136:13-59
	android:name
		ADDED from src\main\AndroidManifest.xml:135:13-60
activity#com.winapp.sot.InvoiceSummary
ADDED from src\main\AndroidManifest.xml:139:9-142:63
	android:windowSoftInputMode
		ADDED from src\main\AndroidManifest.xml:142:13-60
	android:configChanges
		ADDED from src\main\AndroidManifest.xml:141:13-59
	android:name
		ADDED from src\main\AndroidManifest.xml:140:13-57
activity#com.winapp.sot.CashInvoiceCustomer
ADDED from src\main\AndroidManifest.xml:143:9-146:63
	android:windowSoftInputMode
		ADDED from src\main\AndroidManifest.xml:146:13-60
	android:configChanges
		ADDED from src\main\AndroidManifest.xml:145:13-59
	android:name
		ADDED from src\main\AndroidManifest.xml:144:13-62
activity#com.winapp.sot.CashInvoiceAddProduct
ADDED from src\main\AndroidManifest.xml:147:9-150:76
	android:windowSoftInputMode
		ADDED from src\main\AndroidManifest.xml:150:13-73
	android:configChanges
		ADDED from src\main\AndroidManifest.xml:149:13-59
	android:name
		ADDED from src\main\AndroidManifest.xml:148:13-64
activity#com.winapp.sot.CashInvoiceSummary
ADDED from src\main\AndroidManifest.xml:152:9-155:63
	android:windowSoftInputMode
		ADDED from src\main\AndroidManifest.xml:155:13-60
	android:configChanges
		ADDED from src\main\AndroidManifest.xml:154:13-59
	android:name
		ADDED from src\main\AndroidManifest.xml:153:13-61
activity#com.winapp.sot.CaptureSignature
ADDED from src\main\AndroidManifest.xml:156:9-158:70
	android:theme
		ADDED from src\main\AndroidManifest.xml:158:13-67
	android:name
		ADDED from src\main\AndroidManifest.xml:157:13-59
activity#com.winapp.sot.InvoiceCashCollection
ADDED from src\main\AndroidManifest.xml:159:9-162:63
	android:screenOrientation
		ADDED from src\main\AndroidManifest.xml:161:13-49
	android:windowSoftInputMode
		ADDED from src\main\AndroidManifest.xml:162:13-60
	android:name
		ADDED from src\main\AndroidManifest.xml:160:13-64
activity#com.winapp.sot.GraHeader
ADDED from src\main\AndroidManifest.xml:163:9-165:52
	android:screenOrientation
		ADDED from src\main\AndroidManifest.xml:165:13-49
	android:name
		ADDED from src\main\AndroidManifest.xml:164:13-52
activity#com.winapp.sot.GraCustomer
ADDED from src\main\AndroidManifest.xml:166:9-169:63
	android:screenOrientation
		ADDED from src\main\AndroidManifest.xml:168:13-49
	android:windowSoftInputMode
		ADDED from src\main\AndroidManifest.xml:169:13-60
	android:name
		ADDED from src\main\AndroidManifest.xml:167:13-54
activity#com.winapp.sot.GraAddProduct
ADDED from src\main\AndroidManifest.xml:170:9-173:76
	android:screenOrientation
		ADDED from src\main\AndroidManifest.xml:172:13-49
	android:windowSoftInputMode
		ADDED from src\main\AndroidManifest.xml:173:13-73
	android:name
		ADDED from src\main\AndroidManifest.xml:171:13-56
activity#com.winapp.sot.GraSummary
ADDED from src\main\AndroidManifest.xml:174:9-177:52
	android:screenOrientation
		ADDED from src\main\AndroidManifest.xml:177:13-49
	android:configChanges
		ADDED from src\main\AndroidManifest.xml:176:13-59
	android:name
		ADDED from src\main\AndroidManifest.xml:175:13-53
activity#com.winapp.printer.PrinterFinder
ADDED from src\main\AndroidManifest.xml:178:9-181:63
	android:screenOrientation
		ADDED from src\main\AndroidManifest.xml:180:13-49
	android:windowSoftInputMode
		ADDED from src\main\AndroidManifest.xml:181:13-60
	android:name
		ADDED from src\main\AndroidManifest.xml:179:13-60
activity#com.winapp.sot.SalesReturnCustomer
ADDED from src\main\AndroidManifest.xml:182:9-185:63
	android:screenOrientation
		ADDED from src\main\AndroidManifest.xml:184:13-49
	android:windowSoftInputMode
		ADDED from src\main\AndroidManifest.xml:185:13-60
	android:name
		ADDED from src\main\AndroidManifest.xml:183:13-62
activity#com.winapp.sot.SalesReturnAddProduct
ADDED from src\main\AndroidManifest.xml:186:9-189:76
	android:screenOrientation
		ADDED from src\main\AndroidManifest.xml:188:13-49
	android:windowSoftInputMode
		ADDED from src\main\AndroidManifest.xml:189:13-73
	android:name
		ADDED from src\main\AndroidManifest.xml:187:13-64
activity#com.winapp.sot.SalesReturnSummary
ADDED from src\main\AndroidManifest.xml:190:9-194:63
	android:screenOrientation
		ADDED from src\main\AndroidManifest.xml:193:13-49
	android:windowSoftInputMode
		ADDED from src\main\AndroidManifest.xml:194:13-60
	android:configChanges
		ADDED from src\main\AndroidManifest.xml:192:13-59
	android:name
		ADDED from src\main\AndroidManifest.xml:191:13-61
activity#com.winapp.sotdetails.ProductStockActivity
ADDED from src\main\AndroidManifest.xml:195:9-197:63
	android:windowSoftInputMode
		ADDED from src\main\AndroidManifest.xml:197:13-60
	android:name
		ADDED from src\main\AndroidManifest.xml:196:13-70
activity#com.winapp.sotdetails.ProductStockDetails
ADDED from src\main\AndroidManifest.xml:198:9-201:63
	android:screenOrientation
		ADDED from src\main\AndroidManifest.xml:200:13-49
	android:windowSoftInputMode
		ADDED from src\main\AndroidManifest.xml:201:13-60
	android:name
		ADDED from src\main\AndroidManifest.xml:199:13-69
activity#com.winapp.sotdetails.CustomerListActivity
ADDED from src\main\AndroidManifest.xml:202:9-205:63
	android:screenOrientation
		ADDED from src\main\AndroidManifest.xml:204:13-49
	android:windowSoftInputMode
		ADDED from src\main\AndroidManifest.xml:205:13-60
	android:name
		ADDED from src\main\AndroidManifest.xml:203:13-70
activity#com.winapp.sotdetails.AddCustomer
ADDED from src\main\AndroidManifest.xml:206:9-209:63
	android:screenOrientation
		ADDED from src\main\AndroidManifest.xml:208:13-49
	android:windowSoftInputMode
		ADDED from src\main\AndroidManifest.xml:209:13-60
	android:name
		ADDED from src\main\AndroidManifest.xml:207:13-61
activity#com.winapp.sot.StockRequestHeader
ADDED from src\main\AndroidManifest.xml:210:9-213:63
	android:screenOrientation
		ADDED from src\main\AndroidManifest.xml:212:13-49
	android:windowSoftInputMode
		ADDED from src\main\AndroidManifest.xml:213:13-60
	android:name
		ADDED from src\main\AndroidManifest.xml:211:13-61
activity#com.winapp.sot.StockRequestHeaderDetail
ADDED from src\main\AndroidManifest.xml:214:9-217:63
	android:screenOrientation
		ADDED from src\main\AndroidManifest.xml:216:13-49
	android:windowSoftInputMode
		ADDED from src\main\AndroidManifest.xml:217:13-60
	android:name
		ADDED from src\main\AndroidManifest.xml:215:13-67
activity#com.winapp.sot.StockRequestAddProduct
ADDED from src\main\AndroidManifest.xml:218:9-221:76
	android:screenOrientation
		ADDED from src\main\AndroidManifest.xml:220:13-49
	android:windowSoftInputMode
		ADDED from src\main\AndroidManifest.xml:221:13-73
	android:name
		ADDED from src\main\AndroidManifest.xml:219:13-65
activity#com.winapp.sot.StockRequestSummary
ADDED from src\main\AndroidManifest.xml:222:9-226:63
	android:screenOrientation
		ADDED from src\main\AndroidManifest.xml:225:13-49
	android:windowSoftInputMode
		ADDED from src\main\AndroidManifest.xml:226:13-60
	android:configChanges
		ADDED from src\main\AndroidManifest.xml:224:13-59
	android:name
		ADDED from src\main\AndroidManifest.xml:223:13-62
activity#com.winapp.sot.TransferAddProduct
ADDED from src\main\AndroidManifest.xml:227:9-230:76
	android:screenOrientation
		ADDED from src\main\AndroidManifest.xml:229:13-49
	android:windowSoftInputMode
		ADDED from src\main\AndroidManifest.xml:230:13-73
	android:name
		ADDED from src\main\AndroidManifest.xml:228:13-61
activity#com.winapp.sot.TransferHeader
ADDED from src\main\AndroidManifest.xml:231:9-234:63
	android:screenOrientation
		ADDED from src\main\AndroidManifest.xml:233:13-49
	android:windowSoftInputMode
		ADDED from src\main\AndroidManifest.xml:234:13-60
	android:name
		ADDED from src\main\AndroidManifest.xml:232:13-57
activity#com.winapp.sot.TransferHeaderDetail
ADDED from src\main\AndroidManifest.xml:235:9-238:63
	android:screenOrientation
		ADDED from src\main\AndroidManifest.xml:237:13-49
	android:windowSoftInputMode
		ADDED from src\main\AndroidManifest.xml:238:13-60
	android:name
		ADDED from src\main\AndroidManifest.xml:236:13-63
activity#com.winapp.sot.TransferSummary
ADDED from src\main\AndroidManifest.xml:239:9-243:63
	android:screenOrientation
		ADDED from src\main\AndroidManifest.xml:242:13-49
	android:windowSoftInputMode
		ADDED from src\main\AndroidManifest.xml:243:13-60
	android:configChanges
		ADDED from src\main\AndroidManifest.xml:241:13-59
	android:name
		ADDED from src\main\AndroidManifest.xml:240:13-58
activity#com.winapp.sot.SalesOrderHeader
ADDED from src\main\AndroidManifest.xml:244:9-247:63
	android:windowSoftInputMode
		ADDED from src\main\AndroidManifest.xml:247:13-60
	android:configChanges
		ADDED from src\main\AndroidManifest.xml:246:13-59
	android:name
		ADDED from src\main\AndroidManifest.xml:245:13-59
activity#com.winapp.sot.InvoiceHeader
ADDED from src\main\AndroidManifest.xml:248:9-251:63
	android:windowSoftInputMode
		ADDED from src\main\AndroidManifest.xml:251:13-60
	android:configChanges
		ADDED from src\main\AndroidManifest.xml:250:13-59
	android:name
		ADDED from src\main\AndroidManifest.xml:249:13-56
activity#com.winapp.sot.CashInvoiceHeader
ADDED from src\main\AndroidManifest.xml:252:9-255:63
	android:windowSoftInputMode
		ADDED from src\main\AndroidManifest.xml:255:13-60
	android:configChanges
		ADDED from src\main\AndroidManifest.xml:254:13-59
	android:name
		ADDED from src\main\AndroidManifest.xml:253:13-60
activity#com.winapp.sot.DeliveryOrderHeader
ADDED from src\main\AndroidManifest.xml:256:9-259:63
	android:windowSoftInputMode
		ADDED from src\main\AndroidManifest.xml:259:13-60
	android:configChanges
		ADDED from src\main\AndroidManifest.xml:258:13-59
	android:name
		ADDED from src\main\AndroidManifest.xml:257:13-62
activity#com.winapp.sot.SalesReturnHeader
ADDED from src\main\AndroidManifest.xml:260:9-263:63
	android:screenOrientation
		ADDED from src\main\AndroidManifest.xml:262:13-49
	android:windowSoftInputMode
		ADDED from src\main\AndroidManifest.xml:263:13-60
	android:name
		ADDED from src\main\AndroidManifest.xml:261:13-60
activity#com.winapp.sot.ReceiptHeader
ADDED from src\main\AndroidManifest.xml:264:9-267:63
	android:windowSoftInputMode
		ADDED from src\main\AndroidManifest.xml:267:13-60
	android:configChanges
		ADDED from src\main\AndroidManifest.xml:266:13-59
	android:name
		ADDED from src\main\AndroidManifest.xml:265:13-56
activity#com.winapp.sot.ReceiptDetails
ADDED from src\main\AndroidManifest.xml:268:9-271:63
	android:windowSoftInputMode
		ADDED from src\main\AndroidManifest.xml:271:13-60
	android:configChanges
		ADDED from src\main\AndroidManifest.xml:270:13-59
	android:name
		ADDED from src\main\AndroidManifest.xml:269:13-57
activity#com.winapp.printer.InvoicePrintPreview
ADDED from src\main\AndroidManifest.xml:272:9-275:63
	android:screenOrientation
		ADDED from src\main\AndroidManifest.xml:274:13-49
	android:windowSoftInputMode
		ADDED from src\main\AndroidManifest.xml:275:13-60
	android:name
		ADDED from src\main\AndroidManifest.xml:273:13-66
activity#com.winapp.printer.ReceiptPrintPreview
ADDED from src\main\AndroidManifest.xml:276:9-279:63
	android:screenOrientation
		ADDED from src\main\AndroidManifest.xml:278:13-49
	android:windowSoftInputMode
		ADDED from src\main\AndroidManifest.xml:279:13-60
	android:name
		ADDED from src\main\AndroidManifest.xml:277:13-66
activity#com.winapp.printer.CommonPreviewPrint
ADDED from src\main\AndroidManifest.xml:280:9-283:63
	android:screenOrientation
		ADDED from src\main\AndroidManifest.xml:282:13-49
	android:windowSoftInputMode
		ADDED from src\main\AndroidManifest.xml:283:13-60
	android:name
		ADDED from src\main\AndroidManifest.xml:281:13-65
activity#com.winapp.sotdetails.StockOtherLocation
ADDED from src\main\AndroidManifest.xml:284:9-287:63
	android:screenOrientation
		ADDED from src\main\AndroidManifest.xml:286:13-49
	android:windowSoftInputMode
		ADDED from src\main\AndroidManifest.xml:287:13-60
	android:name
		ADDED from src\main\AndroidManifest.xml:285:13-68
activity#com.winapp.sot.AddBarcode
ADDED from src\main\AndroidManifest.xml:288:9-291:80
	android:screenOrientation
		ADDED from src\main\AndroidManifest.xml:290:13-49
	android:windowSoftInputMode
		ADDED from src\main\AndroidManifest.xml:291:13-77
	android:name
		ADDED from src\main\AndroidManifest.xml:289:13-53
activity#com.winapp.sot.AddBarcodeSummary
ADDED from src\main\AndroidManifest.xml:292:9-295:80
	android:screenOrientation
		ADDED from src\main\AndroidManifest.xml:294:13-49
	android:windowSoftInputMode
		ADDED from src\main\AndroidManifest.xml:295:13-77
	android:name
		ADDED from src\main\AndroidManifest.xml:293:13-60
activity#com.winapp.sot.StockTakeHeader
ADDED from src\main\AndroidManifest.xml:296:9-299:80
	android:screenOrientation